<?xml version="1.0" encoding="UTF-8"?>
<!-- Generated by org.testng.reporters.JUnitXMLReporter -->
<testsuite hostname="DESKTOP-2IEME8E" ignored="0" name="Chrome" tests="3" failures="1" timestamp="26 Feb 2018 08:09:03 GMT" time="103.444" errors="0">
  <testcase name="testProductVersion" time="21.604" classname="script.CheckProductVersion">
    <failure type="java.lang.AssertionError" message="expected [actiTIME 2017.4] but found [actiTIME 2017 Online]">
      <![CDATA[java.lang.AssertionError: expected [actiTIME 2017.4] but found [actiTIME 2017 Online]
at generic.BasePage.verifyText(BasePage.java:29)
at page.EnterTTPage.verifyVersion(EnterTTPage.java:39)
at script.CheckProductVersion.testProductVersion(CheckProductVersion.java:34)
at java.util.concurrent.FutureTask.run(FutureTask.java:266)
at java.util.concurrent.ThreadPoolExecutor.runWorker(ThreadPoolExecutor.java:1149)
at java.util.concurrent.ThreadPoolExecutor$Worker.run(ThreadPoolExecutor.java:624)
at java.lang.Thread.run(Thread.java:748)
... Removed 22 stack frames]]>
    </failure>
  </testcase> <!-- testProductVersion -->
  <testcase name="testValidLogin" time="15.112" classname="script.ValidLogin"/>
  <testcase name="testInvalidLogin" time="3.712" classname="script.InvalidLogin"/>
</testsuite> <!-- Chrome -->
